<?xml version="1.0" encoding="UTF-8"?>
<testng-results ignored="0" total="2" passed="2" failed="0" skipped="0">
  <reporter-output>
  </reporter-output>
  <suite started-at="2018-05-21T11:35:31Z" name="Default suite" finished-at="2018-05-21T11:35:54Z" duration-ms="22826">
    <groups>
    </groups>
    <test started-at="2018-05-21T11:35:31Z" name="Default test" finished-at="2018-05-21T11:35:54Z" duration-ms="22826">
      <class name="testCases.LoginTest">
        <test-method is-config="true" signature="_beforeTest()[pri:0, instance:testCases.LoginTest@2a266d09]" started-at="2018-05-21T11:35:31Z" name="_beforeTest" finished-at="2018-05-21T11:35:44Z" duration-ms="13439" status="PASS">
          <reporter-output>
          </reporter-output>
        </test-method> <!-- _beforeTest -->
        <test-method signature="Test_Login_Validation()[pri:0, instance:testCases.LoginTest@2a266d09]" started-at="2018-05-21T11:35:44Z" name="Test_Login_Validation" finished-at="2018-05-21T11:35:51Z" duration-ms="6779" status="PASS">
          <reporter-output>
          </reporter-output>
        </test-method> <!-- Test_Login_Validation -->
        <test-method is-config="true" signature="getResult(org.testng.ITestResult)[pri:0, instance:testCases.LoginTest@2a266d09]" started-at="2018-05-21T11:35:51Z" name="getResult" finished-at="2018-05-21T11:35:51Z" duration-ms="1" status="PASS">
          <params>
            <param index="0">
              <value>
                <![CDATA[[TestResult name=Test_Login_Validation status=SUCCESS method=LoginTest.Test_Login_Validation()[pri:0, instance:testCases.LoginTest@2a266d09] output={null}]]]>
              </value>
            </param>
          </params>
          <reporter-output>
          </reporter-output>
        </test-method> <!-- getResult -->
        <test-method signature="Test_Valid_Login()[pri:0, instance:testCases.LoginTest@2a266d09]" started-at="2018-05-21T11:35:51Z" name="Test_Valid_Login" finished-at="2018-05-21T11:35:53Z" duration-ms="1915" status="PASS">
          <reporter-output>
          </reporter-output>
        </test-method> <!-- Test_Valid_Login -->
        <test-method is-config="true" signature="getResult(org.testng.ITestResult)[pri:0, instance:testCases.LoginTest@2a266d09]" started-at="2018-05-21T11:35:53Z" name="getResult" finished-at="2018-05-21T11:35:53Z" duration-ms="1" status="PASS">
          <params>
            <param index="0">
              <value>
                <![CDATA[[TestResult name=Test_Valid_Login status=SUCCESS method=LoginTest.Test_Valid_Login()[pri:0, instance:testCases.LoginTest@2a266d09] output={null}]]]>
              </value>
            </param>
          </params>
          <reporter-output>
          </reporter-output>
        </test-method> <!-- getResult -->
        <test-method is-config="true" signature="_afterMethod()[pri:0, instance:testCases.LoginTest@2a266d09]" started-at="2018-05-21T11:35:53Z" name="_afterMethod" finished-at="2018-05-21T11:35:54Z" duration-ms="334" status="PASS">
          <reporter-output>
          </reporter-output>
        </test-method> <!-- _afterMethod -->
        <test-method is-config="true" signature="endReport()[pri:0, instance:testCases.LoginTest@2a266d09]" started-at="2018-05-21T11:35:54Z" name="endReport" finished-at="2018-05-21T11:35:54Z" duration-ms="340" status="PASS">
          <reporter-output>
          </reporter-output>
        </test-method> <!-- endReport -->
      </class> <!-- testCases.LoginTest -->
    </test> <!-- Default test -->
  </suite> <!-- Default suite -->
</testng-results>
